2022-05-29 00:06:06.635	Initialized: Admin count: 0, Miner count: 0, ledger rows: 1
2022-05-29 00:06:07.210	Initialized: Admin count: 0, Miner count: 0, ledger rows: 1
2022-05-29 00:06:07.384	Grant: (00000000-f99e693c-00000001-f99e693c) (0-4294967295, 1653510346), In consensus: 1, Admin count: 0, Miner count: 0
2022-05-29 00:06:07.384	Grant: (00000000-f99e693c-00000002-f99e693c) (0-4294967295, 1653510346), In consensus: 1, Admin count: 0, Miner count: 0
2022-05-29 00:06:07.384	Grant: (00000000-f99e693c-00000004-f99e693c) (0-4294967295, 1653510346), In consensus: 1, Admin count: 0, Miner count: 0
2022-05-29 00:06:07.384	Grant: (00000000-f99e693c-00000020-f99e693c) (0-4294967295, 1653510346), In consensus: 1, Admin count: 0, Miner count: 0
2022-05-29 00:06:07.384	Grant: (00000000-f99e693c-00000010-f99e693c) (0-4294967295, 1653510346), In consensus: 1, Admin count: 0, Miner count: 0
2022-05-29 00:06:07.384	Grant: (00000000-f99e693c-00002000-f99e693c) (0-4294967295, 1653510346), In consensus: 1, Admin count: 0, Miner count: 0
2022-05-29 00:06:07.384	Grant: (00000000-f99e693c-00000100-f99e693c) (0-4294967295, 1653510346), In consensus: 1, Admin count: 0, Miner count: 1
2022-05-29 00:06:07.384	Grant: (00000000-f99e693c-00001000-f99e693c) (0-4294967295, 1653510346), In consensus: 1, Admin count: 1, Miner count: 1
2022-05-29 00:06:07.384	Grant: (f6ef224d-00000000-00000001-f99e693c) (0-4294967295, 0), In consensus: 1, Admin count: 1, Miner count: 1
2022-05-29 00:06:07.384	Grant: (f6ef224d-f99e693c-00000008-f99e693c) (0-4294967295, 0), In consensus: 1, Admin count: 1, Miner count: 1
2022-05-29 00:06:07.384	Grant: (f6ef224d-f99e693c-00000080-f99e693c) (0-4294967295, 0), In consensus: 1, Admin count: 1, Miner count: 1
2022-05-29 00:06:07.384	Grant: (f6ef224d-f99e693c-00002000-f99e693c) (0-4294967295, 0), In consensus: 1, Admin count: 1, Miner count: 1
2022-05-29 00:06:07.384	Grant: (f6ef224d-f99e693c-00001000-f99e693c) (0-4294967295, 0), In consensus: 1, Admin count: 1, Miner count: 1
2022-05-29 00:06:07.389	Block commit:         0 (Hash: 80831d4a, Miner: f99e693c), Admin count: 1, Miner count: 1, Ledger Rows: 16
2022-05-29 00:06:07.427	Block commit:         1 (Hash: dee26447, Miner: ac9f58ed), Admin count: 1, Miner count: 1, Ledger Rows: 18
2022-05-29 00:06:07.456	Block commit:         2 (Hash: 07766201, Miner: ac9f58ed), Admin count: 1, Miner count: 1, Ledger Rows: 20
2022-05-29 00:06:08.339	Block rollback:         1, Admin count: 1, Miner count: 1, Ledger Rows: 18
2022-05-29 00:06:08.349	Block rollback:         0, Admin count: 1, Miner count: 1, Ledger Rows: 16
2022-05-29 00:06:08.356	Block commit:         1 (Hash: c77478c1, Miner: f99e693c), Admin count: 1, Miner count: 1, Ledger Rows: 18
2022-05-29 00:06:08.376	Block commit:         2 (Hash: 74c71b7e, Miner: f99e693c), Admin count: 1, Miner count: 1, Ledger Rows: 20
2022-05-29 00:06:08.394	Block commit:         3 (Hash: 4f4ed711, Miner: f99e693c), Admin count: 1, Miner count: 1, Ledger Rows: 22
2022-05-29 00:06:08.415	Block commit:         4 (Hash: a7efc45f, Miner: f99e693c), Admin count: 1, Miner count: 1, Ledger Rows: 24
2022-05-29 00:06:08.440	Block commit:         5 (Hash: 9f0bcb7e, Miner: f99e693c), Admin count: 1, Miner count: 1, Ledger Rows: 26
2022-05-29 00:06:08.464	Block commit:         6 (Hash: 1054eb9a, Miner: f99e693c), Admin count: 1, Miner count: 1, Ledger Rows: 28
2022-05-29 00:06:08.487	Block commit:         7 (Hash: ebfd210f, Miner: f99e693c), Admin count: 1, Miner count: 1, Ledger Rows: 30
2022-05-29 00:06:08.509	Block commit:         8 (Hash: bf56e5c3, Miner: f99e693c), Admin count: 1, Miner count: 1, Ledger Rows: 32
2022-05-29 00:06:08.532	Block commit:         9 (Hash: 6d5726e3, Miner: f99e693c), Admin count: 1, Miner count: 1, Ledger Rows: 34
2022-05-29 00:06:08.556	Block commit:        10 (Hash: 314b711e, Miner: f99e693c), Admin count: 1, Miner count: 1, Ledger Rows: 36
2022-05-29 00:06:08.580	Block commit:        11 (Hash: 83ef3a61, Miner: f99e693c), Admin count: 1, Miner count: 1, Ledger Rows: 38
2022-05-29 00:06:08.704	Block commit:        12 (Hash: e019affa, Miner: f99e693c), Admin count: 1, Miner count: 1, Ledger Rows: 40
2022-05-29 00:06:08.730	Block commit:        13 (Hash: 4103ec80, Miner: f99e693c), Admin count: 1, Miner count: 1, Ledger Rows: 42
2022-05-29 00:06:08.752	Block commit:        14 (Hash: 93256880, Miner: f99e693c), Admin count: 1, Miner count: 1, Ledger Rows: 44
2022-05-29 00:06:08.776	Block commit:        15 (Hash: 76b3f22c, Miner: f99e693c), Admin count: 1, Miner count: 1, Ledger Rows: 46
2022-05-29 00:06:08.800	Block commit:        16 (Hash: 1a0cee83, Miner: f99e693c), Admin count: 1, Miner count: 1, Ledger Rows: 48
2022-05-29 00:06:08.824	Block commit:        17 (Hash: cb20c59c, Miner: f99e693c), Admin count: 1, Miner count: 1, Ledger Rows: 50
2022-05-29 00:06:08.847	Block commit:        18 (Hash: 1fc8c085, Miner: f99e693c), Admin count: 1, Miner count: 1, Ledger Rows: 52
2022-05-29 00:06:08.865	Grant: (00000000-366e3ddd-00000002-f99e693c) (0-4294967295, 1653510586), In consensus: 1, Admin count: 1, Miner count: 1
2022-05-29 00:06:08.865	Grant: (00000000-366e3ddd-00000004-f99e693c) (0-4294967295, 1653510586), In consensus: 1, Admin count: 1, Miner count: 1
2022-05-29 00:06:08.870	Block commit:        19 (Hash: f952d317, Miner: f99e693c), Admin count: 1, Miner count: 1, Ledger Rows: 56
2022-05-29 00:06:08.892	Block commit:        20 (Hash: d335d927, Miner: f99e693c), Admin count: 1, Miner count: 1, Ledger Rows: 58
2022-05-29 00:06:08.916	Block commit:        21 (Hash: e9ce38c0, Miner: f99e693c), Admin count: 1, Miner count: 1, Ledger Rows: 60
2022-05-29 00:06:08.940	Block commit:        22 (Hash: 463811de, Miner: f99e693c), Admin count: 1, Miner count: 1, Ledger Rows: 62
2022-05-29 00:06:09.065	Block commit:        23 (Hash: 5ff9a818, Miner: f99e693c), Admin count: 1, Miner count: 1, Ledger Rows: 64
2022-05-29 00:06:09.088	Block commit:        24 (Hash: ea0d00a8, Miner: f99e693c), Admin count: 1, Miner count: 1, Ledger Rows: 66
2022-05-29 00:06:09.112	Block commit:        25 (Hash: 32c6e89e, Miner: f99e693c), Admin count: 1, Miner count: 1, Ledger Rows: 68
2022-05-29 00:06:09.135	Block commit:        26 (Hash: d0b10951, Miner: f99e693c), Admin count: 1, Miner count: 1, Ledger Rows: 70
2022-05-29 00:06:09.158	Block commit:        27 (Hash: 1ebf1a5a, Miner: f99e693c), Admin count: 1, Miner count: 1, Ledger Rows: 72
2022-05-29 00:06:09.181	Block commit:        28 (Hash: 6cb39f2d, Miner: f99e693c), Admin count: 1, Miner count: 1, Ledger Rows: 74
2022-05-29 00:06:09.203	Block commit:        29 (Hash: a87c428d, Miner: f99e693c), Admin count: 1, Miner count: 1, Ledger Rows: 76
2022-05-29 00:06:09.225	Block commit:        30 (Hash: 28b4ff56, Miner: f99e693c), Admin count: 1, Miner count: 1, Ledger Rows: 78
2022-05-29 00:06:09.247	Block commit:        31 (Hash: bf4d0f6b, Miner: f99e693c), Admin count: 1, Miner count: 1, Ledger Rows: 80
2022-05-29 00:06:09.266	Grant: (512a45f1-00000000-00000001-f99e693c) (0-4294967295, 0), In consensus: 1, Admin count: 1, Miner count: 1
2022-05-29 00:06:09.266	Grant: (512a45f1-f99e693c-00000002-f99e693c) (0-4294967295, 0), In consensus: 1, Admin count: 1, Miner count: 1
2022-05-29 00:06:09.266	Grant: (512a45f1-f99e693c-00000004-f99e693c) (0-4294967295, 0), In consensus: 1, Admin count: 1, Miner count: 1
2022-05-29 00:06:09.266	Grant: (512a45f1-f99e693c-00000010-f99e693c) (0-4294967295, 0), In consensus: 1, Admin count: 1, Miner count: 1
2022-05-29 00:06:09.266	Grant: (512a45f1-f99e693c-00002000-f99e693c) (0-4294967295, 0), In consensus: 1, Admin count: 1, Miner count: 1
2022-05-29 00:06:09.266	Grant: (512a45f1-f99e693c-00001000-f99e693c) (0-4294967295, 0), In consensus: 1, Admin count: 1, Miner count: 1
2022-05-29 00:06:09.269	Block commit:        32 (Hash: d0441a37, Miner: f99e693c), Admin count: 1, Miner count: 1, Ledger Rows: 88
2022-05-29 00:06:09.288	Grant: (00000000-846bc556-00000002-f99e693c) (0-4294967295, 1653510788), In consensus: 1, Admin count: 1, Miner count: 1
2022-05-29 00:06:09.288	Grant: (00000000-846bc556-00000004-f99e693c) (0-4294967295, 1653510788), In consensus: 1, Admin count: 1, Miner count: 1
2022-05-29 00:06:09.291	Block commit:        33 (Hash: 58d0b47a, Miner: f99e693c), Admin count: 1, Miner count: 1, Ledger Rows: 92
2022-05-29 00:06:09.313	Block commit:        34 (Hash: 1f776c86, Miner: f99e693c), Admin count: 1, Miner count: 1, Ledger Rows: 94
2022-05-29 00:06:09.333	Grant: (00000000-56ded585-00000002-f99e693c) (0-4294967295, 1653510832), In consensus: 1, Admin count: 1, Miner count: 1
2022-05-29 00:06:09.333	Grant: (00000000-56ded585-00000004-f99e693c) (0-4294967295, 1653510832), In consensus: 1, Admin count: 1, Miner count: 1
2022-05-29 00:06:09.337	Block commit:        35 (Hash: b726c180, Miner: f99e693c), Admin count: 1, Miner count: 1, Ledger Rows: 98
2022-05-29 00:06:09.462	Block commit:        36 (Hash: 607b818b, Miner: f99e693c), Admin count: 1, Miner count: 1, Ledger Rows: 100
2022-05-29 00:06:09.488	Block commit:        37 (Hash: 4a719a13, Miner: f99e693c), Admin count: 1, Miner count: 1, Ledger Rows: 102
2022-05-29 00:06:09.510	Block commit:        38 (Hash: 8bff3ac6, Miner: f99e693c), Admin count: 1, Miner count: 1, Ledger Rows: 104
2022-05-29 00:06:09.532	Block commit:        39 (Hash: 54c22d22, Miner: f99e693c), Admin count: 1, Miner count: 1, Ledger Rows: 106
2022-05-29 00:06:09.556	Block commit:        40 (Hash: a129f0cd, Miner: f99e693c), Admin count: 1, Miner count: 1, Ledger Rows: 108
2022-05-29 00:06:09.576	Block commit:        41 (Hash: 81415812, Miner: f99e693c), Admin count: 1, Miner count: 1, Ledger Rows: 110
2022-05-29 00:06:09.598	Block commit:        42 (Hash: d09f4151, Miner: f99e693c), Admin count: 1, Miner count: 1, Ledger Rows: 112
2022-05-29 00:06:09.618	Block commit:        43 (Hash: c1b9268c, Miner: f99e693c), Admin count: 1, Miner count: 1, Ledger Rows: 114
2022-05-29 00:06:09.640	Block commit:        44 (Hash: 818e1972, Miner: f99e693c), Admin count: 1, Miner count: 1, Ledger Rows: 116
2022-05-29 00:07:09.283	Initialized: Admin count: 1, Miner count: 1, ledger rows: 116
2022-05-29 00:07:09.407	Block rollback:        44, Admin count: 1, Miner count: 1, Ledger Rows: 116
2022-05-29 03:13:40.283	Initialized: Admin count: 1, Miner count: 1, ledger rows: 116
2022-05-29 03:13:40.377	Block rollback:        44, Admin count: 1, Miner count: 1, Ledger Rows: 116
2022-05-29 03:13:41.567	Block commit:        45 (Hash: 1a1cf91d, Miner: f99e693c), Admin count: 1, Miner count: 1, Ledger Rows: 118
2022-05-29 03:13:41.608	Block commit:        46 (Hash: c509adb3, Miner: f99e693c), Admin count: 1, Miner count: 1, Ledger Rows: 120
2022-05-29 03:13:41.628	Block commit:        47 (Hash: 04922fbb, Miner: f99e693c), Admin count: 1, Miner count: 1, Ledger Rows: 122
2022-05-29 03:13:41.650	Block commit:        48 (Hash: 1faa5928, Miner: f99e693c), Admin count: 1, Miner count: 1, Ledger Rows: 124
2022-05-29 03:13:41.670	Block commit:        49 (Hash: f19b91b1, Miner: f99e693c), Admin count: 1, Miner count: 1, Ledger Rows: 126
2022-05-29 03:13:41.692	Block commit:        50 (Hash: e3e36c6b, Miner: f99e693c), Admin count: 1, Miner count: 1, Ledger Rows: 128
2022-05-29 03:13:41.712	Block commit:        51 (Hash: 63f9b1c0, Miner: f99e693c), Admin count: 1, Miner count: 1, Ledger Rows: 130
2022-05-29 03:13:41.733	Block commit:        52 (Hash: b6bea144, Miner: f99e693c), Admin count: 1, Miner count: 1, Ledger Rows: 132
2022-05-29 03:13:41.751	Block commit:        53 (Hash: 31e8deb2, Miner: f99e693c), Admin count: 1, Miner count: 1, Ledger Rows: 134
2022-05-29 03:13:41.769	Block commit:        54 (Hash: d261c4ab, Miner: f99e693c), Admin count: 1, Miner count: 1, Ledger Rows: 136
2022-05-29 03:13:41.787	Block commit:        55 (Hash: 89a7f4a9, Miner: f99e693c), Admin count: 1, Miner count: 1, Ledger Rows: 138
2022-05-29 03:13:41.808	Block commit:        56 (Hash: dc641817, Miner: f99e693c), Admin count: 1, Miner count: 1, Ledger Rows: 140
2022-05-29 03:13:41.829	Block commit:        57 (Hash: 2126e702, Miner: f99e693c), Admin count: 1, Miner count: 1, Ledger Rows: 142
2022-05-29 03:13:41.850	Block commit:        58 (Hash: a57aa8f5, Miner: f99e693c), Admin count: 1, Miner count: 1, Ledger Rows: 144
2022-05-29 03:13:41.869	Block commit:        59 (Hash: 831f3310, Miner: f99e693c), Admin count: 1, Miner count: 1, Ledger Rows: 146
2022-05-29 03:13:41.991	Block commit:        60 (Hash: 28c143ed, Miner: f99e693c), Admin count: 1, Miner count: 1, Ledger Rows: 148
2022-05-29 03:13:42.013	Block commit:        61 (Hash: 2ac1689c, Miner: f99e693c), Admin count: 1, Miner count: 1, Ledger Rows: 150
2022-05-29 03:13:42.030	Block commit:        62 (Hash: 44171668, Miner: f99e693c), Admin count: 1, Miner count: 1, Ledger Rows: 152
2022-05-29 03:13:42.050	Block commit:        63 (Hash: 66cc2ec0, Miner: f99e693c), Admin count: 1, Miner count: 1, Ledger Rows: 154
2022-05-29 03:13:42.067	Block commit:        64 (Hash: 9f154a68, Miner: f99e693c), Admin count: 1, Miner count: 1, Ledger Rows: 156
2022-05-29 03:13:42.085	Block commit:        65 (Hash: 0ff21ab9, Miner: f99e693c), Admin count: 1, Miner count: 1, Ledger Rows: 158
2022-05-29 03:13:42.104	Block commit:        66 (Hash: f14fbb01, Miner: f99e693c), Admin count: 1, Miner count: 1, Ledger Rows: 160
2022-05-29 03:13:42.124	Block commit:        67 (Hash: 9791ffb5, Miner: f99e693c), Admin count: 1, Miner count: 1, Ledger Rows: 162
2022-05-29 03:13:42.142	Block commit:        68 (Hash: 627bb2ee, Miner: f99e693c), Admin count: 1, Miner count: 1, Ledger Rows: 164
2022-05-29 03:13:42.160	Block commit:        69 (Hash: d9c8e0d7, Miner: f99e693c), Admin count: 1, Miner count: 1, Ledger Rows: 166
2022-05-29 03:13:42.177	Block commit:        70 (Hash: a685adc5, Miner: f99e693c), Admin count: 1, Miner count: 1, Ledger Rows: 168
2022-05-29 03:13:42.196	Block commit:        71 (Hash: 3791af95, Miner: f99e693c), Admin count: 1, Miner count: 1, Ledger Rows: 170
2022-05-29 03:13:42.315	Block commit:        72 (Hash: e8415b1d, Miner: f99e693c), Admin count: 1, Miner count: 1, Ledger Rows: 172
2022-05-29 03:13:42.332	Block commit:        73 (Hash: 20d6b3d3, Miner: f99e693c), Admin count: 1, Miner count: 1, Ledger Rows: 174
2022-05-29 03:13:42.350	Block commit:        74 (Hash: 8633e2d3, Miner: f99e693c), Admin count: 1, Miner count: 1, Ledger Rows: 176
2022-05-29 03:13:42.368	Block commit:        75 (Hash: bb6daba7, Miner: f99e693c), Admin count: 1, Miner count: 1, Ledger Rows: 178
2022-05-29 03:13:42.388	Block commit:        76 (Hash: ad6d09ce, Miner: f99e693c), Admin count: 1, Miner count: 1, Ledger Rows: 180
2022-05-29 03:13:42.410	Block commit:        77 (Hash: da81f4b0, Miner: f99e693c), Admin count: 1, Miner count: 1, Ledger Rows: 182
2022-05-29 03:13:42.428	Block commit:        78 (Hash: bbe292ca, Miner: f99e693c), Admin count: 1, Miner count: 1, Ledger Rows: 184
2022-05-29 03:13:42.450	Block commit:        79 (Hash: 798b56eb, Miner: f99e693c), Admin count: 1, Miner count: 1, Ledger Rows: 186
2022-05-29 03:13:42.471	Block commit:        80 (Hash: 3e942bd5, Miner: f99e693c), Admin count: 1, Miner count: 1, Ledger Rows: 188
2022-05-29 03:13:42.489	Block commit:        81 (Hash: 1a4f0fb8, Miner: f99e693c), Admin count: 1, Miner count: 1, Ledger Rows: 190
2022-05-29 03:13:42.509	Block commit:        82 (Hash: 9d8dbdb7, Miner: f99e693c), Admin count: 1, Miner count: 1, Ledger Rows: 192
2022-05-29 03:13:42.529	Block commit:        83 (Hash: e211d9b1, Miner: f99e693c), Admin count: 1, Miner count: 1, Ledger Rows: 194
2022-05-29 03:13:42.548	Block commit:        84 (Hash: 7092eaa3, Miner: f99e693c), Admin count: 1, Miner count: 1, Ledger Rows: 196
2022-05-29 03:13:42.567	Block commit:        85 (Hash: f5451bfd, Miner: f99e693c), Admin count: 1, Miner count: 1, Ledger Rows: 198
2022-05-29 03:13:42.686	Block commit:        86 (Hash: b4f3b298, Miner: f99e693c), Admin count: 1, Miner count: 1, Ledger Rows: 200
2022-05-29 03:13:42.710	Block commit:        87 (Hash: 1ee1e89d, Miner: f99e693c), Admin count: 1, Miner count: 1, Ledger Rows: 202
2022-05-29 03:13:42.730	Block commit:        88 (Hash: b6fbb54f, Miner: f99e693c), Admin count: 1, Miner count: 1, Ledger Rows: 204
2022-05-29 03:13:42.752	Block commit:        89 (Hash: 4a11ddbf, Miner: f99e693c), Admin count: 1, Miner count: 1, Ledger Rows: 206
2022-05-29 03:13:42.773	Block commit:        90 (Hash: 567230f8, Miner: f99e693c), Admin count: 1, Miner count: 1, Ledger Rows: 208
2022-05-29 03:13:42.792	Block commit:        91 (Hash: 19c1b26f, Miner: f99e693c), Admin count: 1, Miner count: 1, Ledger Rows: 210
2022-05-29 03:13:42.813	Block commit:        92 (Hash: cb2639e5, Miner: f99e693c), Admin count: 1, Miner count: 1, Ledger Rows: 212
2022-05-29 03:13:42.832	Block commit:        93 (Hash: 0e7a72dc, Miner: f99e693c), Admin count: 1, Miner count: 1, Ledger Rows: 214
2022-05-29 03:13:42.851	Block commit:        94 (Hash: 7bde7f98, Miner: f99e693c), Admin count: 1, Miner count: 1, Ledger Rows: 216
2022-05-29 03:13:42.871	Block commit:        95 (Hash: 1597c511, Miner: f99e693c), Admin count: 1, Miner count: 1, Ledger Rows: 218
2022-05-29 03:13:42.889	Block commit:        96 (Hash: 4fbc01df, Miner: f99e693c), Admin count: 1, Miner count: 1, Ledger Rows: 220
2022-05-29 03:13:42.909	Block commit:        97 (Hash: 609557fc, Miner: f99e693c), Admin count: 1, Miner count: 1, Ledger Rows: 222
2022-05-29 03:13:42.927	Block commit:        98 (Hash: 1a4873c6, Miner: f99e693c), Admin count: 1, Miner count: 1, Ledger Rows: 224
2022-05-29 03:13:43.046	Block commit:        99 (Hash: cd624180, Miner: f99e693c), Admin count: 1, Miner count: 1, Ledger Rows: 226
2022-05-29 03:13:43.065	Block commit:       100 (Hash: 53e45890, Miner: f99e693c), Admin count: 1, Miner count: 1, Ledger Rows: 228
2022-05-29 03:13:43.084	Block commit:       101 (Hash: ce95750b, Miner: f99e693c), Admin count: 1, Miner count: 1, Ledger Rows: 230
2022-05-29 03:13:43.102	Block commit:       102 (Hash: f57e8307, Miner: f99e693c), Admin count: 1, Miner count: 1, Ledger Rows: 232
2022-05-29 03:13:43.123	Block commit:       103 (Hash: 600ed5f4, Miner: f99e693c), Admin count: 1, Miner count: 1, Ledger Rows: 234
2022-05-29 03:13:43.142	Block commit:       104 (Hash: 6ed686cc, Miner: f99e693c), Admin count: 1, Miner count: 1, Ledger Rows: 236
2022-05-29 03:13:43.162	Block commit:       105 (Hash: c5772f7a, Miner: f99e693c), Admin count: 1, Miner count: 1, Ledger Rows: 238
2022-05-29 03:13:43.181	Block commit:       106 (Hash: 0ba44156, Miner: f99e693c), Admin count: 1, Miner count: 1, Ledger Rows: 240
2022-05-29 03:13:43.202	Block commit:       107 (Hash: b0cdd160, Miner: f99e693c), Admin count: 1, Miner count: 1, Ledger Rows: 242
2022-05-29 03:13:43.232	Block commit:       108 (Hash: 4a54c532, Miner: f99e693c), Admin count: 1, Miner count: 1, Ledger Rows: 244
2022-05-29 03:13:43.252	Block commit:       109 (Hash: 592184ee, Miner: f99e693c), Admin count: 1, Miner count: 1, Ledger Rows: 246
2022-05-29 03:13:43.271	Block commit:       110 (Hash: be090fd4, Miner: f99e693c), Admin count: 1, Miner count: 1, Ledger Rows: 248
2022-05-29 03:13:43.292	Block commit:       111 (Hash: 934e34da, Miner: f99e693c), Admin count: 1, Miner count: 1, Ledger Rows: 250
2022-05-29 03:13:43.316	Block commit:       112 (Hash: 41d64f76, Miner: f99e693c), Admin count: 1, Miner count: 1, Ledger Rows: 252
2022-05-29 03:13:43.337	Block commit:       113 (Hash: aa935e69, Miner: f99e693c), Admin count: 1, Miner count: 1, Ledger Rows: 254
2022-05-29 03:13:43.458	Block commit:       114 (Hash: 9a202ae6, Miner: f99e693c), Admin count: 1, Miner count: 1, Ledger Rows: 256
2022-05-29 03:13:43.481	Block commit:       115 (Hash: 18b233e7, Miner: f99e693c), Admin count: 1, Miner count: 1, Ledger Rows: 258
2022-05-29 03:13:43.500	Block commit:       116 (Hash: 64398f1a, Miner: f99e693c), Admin count: 1, Miner count: 1, Ledger Rows: 260
2022-05-29 03:13:43.519	Block commit:       117 (Hash: 5ed0daa5, Miner: f99e693c), Admin count: 1, Miner count: 1, Ledger Rows: 262
2022-05-29 03:13:43.538	Block commit:       118 (Hash: 4c3d1d85, Miner: f99e693c), Admin count: 1, Miner count: 1, Ledger Rows: 264
2022-05-29 03:13:43.558	Block commit:       119 (Hash: bd7be92d, Miner: f99e693c), Admin count: 1, Miner count: 1, Ledger Rows: 266
2022-05-29 03:13:43.577	Block commit:       120 (Hash: 0367c123, Miner: f99e693c), Admin count: 1, Miner count: 1, Ledger Rows: 268
2022-05-29 03:13:43.597	Block commit:       121 (Hash: a73ec641, Miner: f99e693c), Admin count: 1, Miner count: 1, Ledger Rows: 270
2022-05-29 03:13:43.616	Block commit:       122 (Hash: 5d8badac, Miner: f99e693c), Admin count: 1, Miner count: 1, Ledger Rows: 272
2022-05-29 03:13:43.635	Block commit:       123 (Hash: b7de8842, Miner: f99e693c), Admin count: 1, Miner count: 1, Ledger Rows: 274
2022-05-29 03:13:43.654	Block commit:       124 (Hash: 94c9461e, Miner: f99e693c), Admin count: 1, Miner count: 1, Ledger Rows: 276
2022-05-29 03:13:43.770	Grant: (00000000-7cb57e39-00000002-f99e693c) (0-4294967295, 1653592158), In consensus: 1, Admin count: 1, Miner count: 1
2022-05-29 03:13:43.770	Grant: (00000000-7cb57e39-00000004-f99e693c) (0-4294967295, 1653592158), In consensus: 1, Admin count: 1, Miner count: 1
2022-05-29 03:13:43.774	Block commit:       125 (Hash: a959467a, Miner: f99e693c), Admin count: 1, Miner count: 1, Ledger Rows: 280
2022-05-29 03:13:43.795	Block commit:       126 (Hash: 19a1bf69, Miner: f99e693c), Admin count: 1, Miner count: 1, Ledger Rows: 282
2022-05-29 03:13:43.818	Block commit:       127 (Hash: fe0eef80, Miner: f99e693c), Admin count: 1, Miner count: 1, Ledger Rows: 284
2022-05-29 03:13:43.846	Block commit:       128 (Hash: 0863605c, Miner: f99e693c), Admin count: 1, Miner count: 1, Ledger Rows: 286
2022-05-29 03:13:43.866	Block commit:       129 (Hash: 28bf63e9, Miner: f99e693c), Admin count: 1, Miner count: 1, Ledger Rows: 288
2022-05-29 03:13:43.885	Block commit:       130 (Hash: 2cae6a87, Miner: f99e693c), Admin count: 1, Miner count: 1, Ledger Rows: 290
2022-05-29 03:13:43.905	Block commit:       131 (Hash: 18a381be, Miner: f99e693c), Admin count: 1, Miner count: 1, Ledger Rows: 292
2022-05-29 03:13:43.924	Block commit:       132 (Hash: 9f385cf5, Miner: f99e693c), Admin count: 1, Miner count: 1, Ledger Rows: 294
2022-05-29 03:13:43.943	Block commit:       133 (Hash: c85e4db0, Miner: f99e693c), Admin count: 1, Miner count: 1, Ledger Rows: 296
2022-05-29 03:13:43.961	Block commit:       134 (Hash: 61f1eb88, Miner: f99e693c), Admin count: 1, Miner count: 1, Ledger Rows: 298
2022-05-29 03:13:43.980	Block commit:       135 (Hash: 482acbb8, Miner: f99e693c), Admin count: 1, Miner count: 1, Ledger Rows: 300
2022-05-29 03:13:44.000	Block commit:       136 (Hash: 5dfff3aa, Miner: f99e693c), Admin count: 1, Miner count: 1, Ledger Rows: 302
2022-05-29 03:13:44.122	Block commit:       137 (Hash: 778b8273, Miner: f99e693c), Admin count: 1, Miner count: 1, Ledger Rows: 304
2022-05-29 03:13:44.141	Block commit:       138 (Hash: 07cf9383, Miner: f99e693c), Admin count: 1, Miner count: 1, Ledger Rows: 306
2022-05-29 03:13:44.160	Block commit:       139 (Hash: 9b1f2f0a, Miner: f99e693c), Admin count: 1, Miner count: 1, Ledger Rows: 308
2022-05-29 03:13:44.179	Block commit:       140 (Hash: 2e858a48, Miner: f99e693c), Admin count: 1, Miner count: 1, Ledger Rows: 310
2022-05-29 03:13:44.197	Block commit:       141 (Hash: 0eb7a602, Miner: f99e693c), Admin count: 1, Miner count: 1, Ledger Rows: 312
2022-05-29 03:13:44.217	Block commit:       142 (Hash: 5a48e463, Miner: f99e693c), Admin count: 1, Miner count: 1, Ledger Rows: 314
2022-05-29 03:13:44.234	Block commit:       143 (Hash: 7e9f4597, Miner: f99e693c), Admin count: 1, Miner count: 1, Ledger Rows: 316
2022-05-29 03:13:44.253	Block commit:       144 (Hash: 9433ad90, Miner: f99e693c), Admin count: 1, Miner count: 1, Ledger Rows: 318
2022-05-29 03:13:44.271	Block commit:       145 (Hash: c22ca2c9, Miner: f99e693c), Admin count: 1, Miner count: 1, Ledger Rows: 320
2022-05-29 03:13:44.290	Block commit:       146 (Hash: c1075450, Miner: f99e693c), Admin count: 1, Miner count: 1, Ledger Rows: 322
2022-05-29 03:13:44.309	Block commit:       147 (Hash: c65e7e60, Miner: f99e693c), Admin count: 1, Miner count: 1, Ledger Rows: 324
2022-05-29 03:13:44.328	Block commit:       148 (Hash: c223e283, Miner: f99e693c), Admin count: 1, Miner count: 1, Ledger Rows: 326
2022-05-29 03:13:44.449	Block commit:       149 (Hash: f611db45, Miner: f99e693c), Admin count: 1, Miner count: 1, Ledger Rows: 328
2022-05-29 03:13:44.468	Grant: (00000000-f99e693c-00000100-f99e693c) (0-4294967295, 1653749102), In consensus: 1, Admin count: 1, Miner count: 1
2022-05-29 03:13:44.471	Block commit:       150 (Hash: a8a48e34, Miner: f99e693c), Admin count: 1, Miner count: 1, Ledger Rows: 331
2022-05-29 03:13:44.490	Block commit:       151 (Hash: e173caee, Miner: f99e693c), Admin count: 1, Miner count: 1, Ledger Rows: 333
2022-05-29 03:13:44.508	Block commit:       152 (Hash: 5a034dd0, Miner: f99e693c), Admin count: 1, Miner count: 1, Ledger Rows: 335
2022-05-29 03:13:44.526	Block commit:       153 (Hash: 1260ecc8, Miner: f99e693c), Admin count: 1, Miner count: 1, Ledger Rows: 337
2022-05-29 03:13:44.544	Block commit:       154 (Hash: f7243671, Miner: f99e693c), Admin count: 1, Miner count: 1, Ledger Rows: 339
2022-05-29 03:13:44.562	Block commit:       155 (Hash: 03cbec9b, Miner: f99e693c), Admin count: 1, Miner count: 1, Ledger Rows: 341
2022-05-29 03:13:44.579	Block commit:       156 (Hash: fd802dce, Miner: f99e693c), Admin count: 1, Miner count: 1, Ledger Rows: 343
2022-05-29 03:13:44.602	Block commit:       157 (Hash: 0d898b49, Miner: f99e693c), Admin count: 1, Miner count: 1, Ledger Rows: 345
2022-05-29 03:13:44.619	Block commit:       158 (Hash: d9b7f81e, Miner: f99e693c), Admin count: 1, Miner count: 1, Ledger Rows: 347
2022-05-29 03:13:44.638	Block commit:       159 (Hash: 016daea2, Miner: f99e693c), Admin count: 1, Miner count: 1, Ledger Rows: 349
2022-05-29 03:13:44.755	Block commit:       160 (Hash: bc1f77ce, Miner: f99e693c), Admin count: 1, Miner count: 1, Ledger Rows: 351
2022-05-29 03:13:44.773	Block commit:       161 (Hash: df18545a, Miner: ac9f58ed), Admin count: 1, Miner count: 1, Ledger Rows: 353
2022-05-29 03:13:44.791	Block commit:       162 (Hash: 8afd7192, Miner: f99e693c), Admin count: 1, Miner count: 1, Ledger Rows: 355
2022-05-29 03:13:44.808	Block commit:       163 (Hash: 9e84c81f, Miner: f99e693c), Admin count: 1, Miner count: 1, Ledger Rows: 357
2022-05-29 03:13:44.825	Block commit:       164 (Hash: 2d2802a0, Miner: f99e693c), Admin count: 1, Miner count: 1, Ledger Rows: 359
2022-05-29 03:13:44.842	Block commit:       165 (Hash: b3c601fc, Miner: f99e693c), Admin count: 1, Miner count: 1, Ledger Rows: 361
2022-05-29 03:13:44.861	Block commit:       166 (Hash: 78a9bb93, Miner: f99e693c), Admin count: 1, Miner count: 1, Ledger Rows: 363
2022-05-29 03:13:44.878	Block commit:       167 (Hash: 4774bab5, Miner: f99e693c), Admin count: 1, Miner count: 1, Ledger Rows: 365
2022-05-29 03:13:44.896	Block commit:       168 (Hash: 210ee2d5, Miner: f99e693c), Admin count: 1, Miner count: 1, Ledger Rows: 367
2022-05-29 03:13:44.913	Block commit:       169 (Hash: ace7468a, Miner: f99e693c), Admin count: 1, Miner count: 1, Ledger Rows: 369
2022-05-29 03:13:45.033	Block commit:       170 (Hash: 8616a2ac, Miner: f99e693c), Admin count: 1, Miner count: 1, Ledger Rows: 371
2022-05-29 03:13:45.053	Block commit:       171 (Hash: 9b389f7c, Miner: f99e693c), Admin count: 1, Miner count: 1, Ledger Rows: 373
2022-05-29 03:13:45.072	Block commit:       172 (Hash: 75da3218, Miner: f99e693c), Admin count: 1, Miner count: 1, Ledger Rows: 375
2022-05-29 03:13:45.090	Block commit:       173 (Hash: 07aa74c5, Miner: f99e693c), Admin count: 1, Miner count: 1, Ledger Rows: 377
2022-05-29 03:13:45.109	Block commit:       174 (Hash: 4f463494, Miner: f99e693c), Admin count: 1, Miner count: 1, Ledger Rows: 379
2022-05-29 03:13:45.127	Block commit:       175 (Hash: 02f2fac0, Miner: f99e693c), Admin count: 1, Miner count: 1, Ledger Rows: 381
2022-05-29 03:13:45.145	Block commit:       176 (Hash: 3a28fd06, Miner: f99e693c), Admin count: 1, Miner count: 1, Ledger Rows: 383
2022-05-29 03:13:45.163	Block commit:       177 (Hash: d0b283bf, Miner: f99e693c), Admin count: 1, Miner count: 1, Ledger Rows: 385
2022-05-29 03:13:45.179	Grant: (00000000-ac9f58ed-00000001-f99e693c) (0-4294967295, 1653792935), In consensus: 1, Admin count: 1, Miner count: 1
2022-05-29 03:13:45.182	Block commit:       178 (Hash: 382e5497, Miner: f99e693c), Admin count: 1, Miner count: 1, Ledger Rows: 388
2022-05-29 03:13:45.205	Block commit:       179 (Hash: b7e9c888, Miner: f99e693c), Admin count: 1, Miner count: 1, Ledger Rows: 390
2022-05-29 03:13:45.224	Block commit:       180 (Hash: 768f62e3, Miner: f99e693c), Admin count: 1, Miner count: 1, Ledger Rows: 392
2022-05-29 03:13:45.353	Block commit:       181 (Hash: 10926c49, Miner: f99e693c), Admin count: 1, Miner count: 1, Ledger Rows: 394
2022-05-29 03:13:45.396	Block commit:       182 (Hash: c6eb99b4, Miner: f99e693c), Admin count: 1, Miner count: 1, Ledger Rows: 396
2022-05-29 03:13:45.417	Block commit:       183 (Hash: cd979fca, Miner: f99e693c), Admin count: 1, Miner count: 1, Ledger Rows: 398
2022-05-29 03:13:45.438	Block commit:       184 (Hash: 1592cc7a, Miner: f99e693c), Admin count: 1, Miner count: 1, Ledger Rows: 400
2022-05-29 03:13:45.459	Block commit:       185 (Hash: 3d1c440c, Miner: f99e693c), Admin count: 1, Miner count: 1, Ledger Rows: 402
2022-05-29 03:13:45.479	Block commit:       186 (Hash: ca154d47, Miner: f99e693c), Admin count: 1, Miner count: 1, Ledger Rows: 404
2022-05-29 03:13:45.499	Block commit:       187 (Hash: 6d62158c, Miner: f99e693c), Admin count: 1, Miner count: 1, Ledger Rows: 406
2022-05-29 03:13:45.528	Block commit:       188 (Hash: 508a352e, Miner: f99e693c), Admin count: 1, Miner count: 1, Ledger Rows: 408
2022-05-29 03:13:45.543	Grant: (00000000-ac9f58ed-00000004-f99e693c) (0-4294967295, 1653793141), In consensus: 1, Admin count: 1, Miner count: 1
2022-05-29 03:13:45.546	Block commit:       189 (Hash: 3a14fbee, Miner: f99e693c), Admin count: 1, Miner count: 1, Ledger Rows: 411
2022-05-29 03:13:45.565	Block commit:       190 (Hash: 19c24052, Miner: f99e693c), Admin count: 1, Miner count: 1, Ledger Rows: 413
2022-05-29 03:13:45.582	Block commit:       191 (Hash: c8f80385, Miner: f99e693c), Admin count: 1, Miner count: 1, Ledger Rows: 415
2022-05-29 03:13:45.700	Block commit:       192 (Hash: 706e705e, Miner: f99e693c), Admin count: 1, Miner count: 1, Ledger Rows: 417
2022-05-29 03:13:45.717	Block commit:       193 (Hash: d1997b47, Miner: f99e693c), Admin count: 1, Miner count: 1, Ledger Rows: 419
2022-05-29 03:13:45.735	Block commit:       194 (Hash: 2d01463d, Miner: f99e693c), Admin count: 1, Miner count: 1, Ledger Rows: 421
2022-05-29 03:13:45.752	Block commit:       195 (Hash: 955f25d4, Miner: f99e693c), Admin count: 1, Miner count: 1, Ledger Rows: 423
2022-05-29 03:13:45.769	Block commit:       196 (Hash: ca020baf, Miner: f99e693c), Admin count: 1, Miner count: 1, Ledger Rows: 425
2022-05-29 03:13:45.788	Block commit:       197 (Hash: 2f4b0511, Miner: f99e693c), Admin count: 1, Miner count: 1, Ledger Rows: 427
2022-05-29 03:13:45.807	Block commit:       198 (Hash: ceec59a9, Miner: f99e693c), Admin count: 1, Miner count: 1, Ledger Rows: 429
2022-05-29 03:13:45.825	Block commit:       199 (Hash: b085f53a, Miner: f99e693c), Admin count: 1, Miner count: 1, Ledger Rows: 431
2022-05-29 03:13:45.842	Grant: (00000000-ac9f58ed-00000001-f99e693c) (0-4294967295, 1653793775), In consensus: 1, Admin count: 1, Miner count: 1
2022-05-29 03:13:45.846	Block commit:       200 (Hash: 6f8ecd7d, Miner: f99e693c), Admin count: 1, Miner count: 1, Ledger Rows: 434
2022-05-29 03:13:45.865	Block commit:       201 (Hash: 96b9b989, Miner: f99e693c), Admin count: 1, Miner count: 1, Ledger Rows: 436
2022-05-29 03:13:45.883	Block commit:       202 (Hash: ba9215b1, Miner: f99e693c), Admin count: 1, Miner count: 1, Ledger Rows: 438
2022-05-29 03:13:45.902	Block commit:       203 (Hash: 0a61ac96, Miner: f99e693c), Admin count: 1, Miner count: 1, Ledger Rows: 440
2022-05-29 03:13:46.032	Block commit:       204 (Hash: da84f3df, Miner: f99e693c), Admin count: 1, Miner count: 1, Ledger Rows: 442
2022-05-29 03:13:46.098	Block commit:       205 (Hash: 0e35f9b4, Miner: f99e693c), Admin count: 1, Miner count: 1, Ledger Rows: 444
2022-05-29 03:13:46.118	Block commit:       206 (Hash: eadffcc9, Miner: f99e693c), Admin count: 1, Miner count: 1, Ledger Rows: 446
2022-05-29 03:13:46.143	Block commit:       207 (Hash: ef31c422, Miner: f99e693c), Admin count: 1, Miner count: 1, Ledger Rows: 448
2022-05-29 03:13:46.164	Block commit:       208 (Hash: d8950383, Miner: f99e693c), Admin count: 1, Miner count: 1, Ledger Rows: 450
2022-05-29 03:13:46.182	Block commit:       209 (Hash: 986fa97e, Miner: f99e693c), Admin count: 1, Miner count: 1, Ledger Rows: 452
2022-05-29 03:13:46.200	Block commit:       210 (Hash: 483c40fe, Miner: f99e693c), Admin count: 1, Miner count: 1, Ledger Rows: 454
2022-05-29 03:14:16.774	Grant: (00000000-2e99385e-00000002-f99e693c) (0-4294967295, 1653794056), In consensus: 1, Admin count: 1, Miner count: 1
2022-05-29 03:14:16.774	Grant: (00000000-2e99385e-00000004-f99e693c) (0-4294967295, 1653794056), In consensus: 1, Admin count: 1, Miner count: 1
2022-05-29 03:14:31.014	Mempool copy:       210, Admin count: 1, Miner count: 1, Ledger Rows: 456
2022-05-29 03:14:31.015	Mempool clr :       210, Admin count: 1, Miner count: 1, Ledger Rows: 454
2022-05-29 03:14:31.015	Mempool rstr:       210, Admin count: 1, Miner count: 1, Ledger Rows: 456
2022-05-29 03:14:31.015	Mempool clr :       210, Admin count: 1, Miner count: 1, Ledger Rows: 454
2022-05-29 03:14:31.015	Grant: (00000000-2e99385e-00000002-f99e693c) (0-4294967295, 1653794056), In consensus: 1, Admin count: 1, Miner count: 1
2022-05-29 03:14:31.015	Grant: (00000000-2e99385e-00000004-f99e693c) (0-4294967295, 1653794056), In consensus: 1, Admin count: 1, Miner count: 1
2022-05-29 03:14:31.021	Block commit:       211 (Hash: 19fff2e0, Miner: f99e693c), Admin count: 1, Miner count: 1, Ledger Rows: 458
2022-05-29 03:14:40.072	Block commit:       212 (Hash: 7a657940, Miner: f99e693c), Admin count: 1, Miner count: 1, Ledger Rows: 460
2022-05-29 03:14:47.826	Block commit:       213 (Hash: cdfc49ae, Miner: f99e693c), Admin count: 1, Miner count: 1, Ledger Rows: 462
2022-05-29 03:14:59.665	Block commit:       214 (Hash: 0c58191c, Miner: f99e693c), Admin count: 1, Miner count: 1, Ledger Rows: 464
2022-05-29 03:15:02.202	Block commit:       215 (Hash: 05eaac2a, Miner: f99e693c), Admin count: 1, Miner count: 1, Ledger Rows: 466
2022-05-29 03:15:10.857	Block commit:       216 (Hash: b0f2ba76, Miner: f99e693c), Admin count: 1, Miner count: 1, Ledger Rows: 468
